<?xml version="1.0" encoding="UTF-8"?>
<!-- Generated by org.testng.reporters.JUnitReportReporter -->
<testsuite hostname="DESKTOP-DC4JP7P" failures="0" tests="1" name="cucumberOptions.TestNGRunner" time="144.913" errors="0" timestamp="2024-09-16T10:58:41 IST" skipped="0">
  <testcase classname="cucumberOptions.TestNGRunner" name="runScenario" time="144.913"/>
</testsuite> <!-- cucumberOptions.TestNGRunner -->
